<?xml version="1.0" encoding="UTF-8"?>
<!-- Generated by org.testng.reporters.JUnitReportReporter -->
<testsuite hostname="Rizwan" failures="0" tests="1" name="Annotations" time="0.010" errors="0" timestamp="2021-07-30T16:43:32 IST" skipped="0">
  <testcase classname="Annotations" name="testCase1" time="0.010"/>
  <system-out/>
</testsuite> <!-- Annotations -->
