<?xml version="1.0" encoding="UTF-8"?>
<!-- Generated by org.testng.reporters.JUnitReportReporter -->
<testsuite hostname="Rizwan" failures="0" tests="2" name="BookStoreLogin" time="0.393" errors="0" timestamp="2021-07-30T16:56:44 IST" skipped="0">
  <testcase classname="BookStoreLogin" name="clickLoginButton" time="0.132"/>
  <system-out/>
  <testcase classname="BookStoreLogin" name="loginFunction" time="0.261"/>
  <system-out/>
</testsuite> <!-- BookStoreLogin -->
